<?xml version="1.0" encoding="UTF-8"?>
<testsuite name="DatabaseTest" tests="1" skipped="0" failures="0" errors="0" timestamp="2023-04-12T11:38:01" hostname="DESKTOP-G6BUB6B" time="0.381">
  <properties/>
  <testcase name="registrationUser()" classname="DatabaseTest" time="0.381"/>
  <system-out><![CDATA[]]></system-out>
  <system-err><![CDATA[]]></system-err>
</testsuite>
